[2022-10-24 01:45:00] log.INFO: A new record create on House by admin [] []
[2022-10-24 01:46:12] log.INFO: A new record create on House by admin [] []
[2022-10-24 01:46:18] log.INFO: A new record create on House by admin [] []
[2022-10-24 01:46:58] log.INFO: A new record create on Form by admin [] []
[2022-10-24 01:47:03] log.INFO: A new record create on Form by admin [] []
[2022-10-24 01:47:09] log.INFO: A new record create on Form by admin [] []
[2022-10-24 01:48:31] log.INFO: A new record create on Student by admin [] []
[2022-10-24 01:50:42] log.INFO: A new record create on Exeat by admin [] []
[2022-10-24 02:56:10] log.INFO: A new record create on Exeat by admin [] []
[2022-10-24 03:38:34] log.INFO: A new record create on Exeat by admin [] []
[2022-10-24 03:41:32] log.INFO: A new record create on Exeat by admin [] []
[2022-10-24 03:57:54] log.ERROR: Error in creating new record on Exeat by admin [] []
[2022-10-24 03:57:54] log.ERROR: Cannot add or update a child row: a foreign key constraint fails (`exeat`.`exeat`, CONSTRAINT `fk_foreign_key_student_id` FOREIGN KEY (`student_id`) REFERENCES `student` (`student_id`)) [] []
[2022-10-24 03:59:39] log.INFO: A new record create on Exeat by admin [] []
[2022-10-24 04:04:36] log.INFO: Record updated on Exeat by admin [] []
[2022-10-24 04:04:51] log.INFO: Record updated on Exeat by admin [] []
[2022-10-24 04:47:33] log.INFO: A new record create on Student by admin [] []
[2022-10-24 04:47:49] log.INFO: Record updated on Student by admin [] []
[2022-10-24 04:48:22] log.INFO: A new record create on Exeat by admin [] []
[2022-10-24 11:26:58] log.INFO: Record updated on Form by admin [] []
[2022-10-24 11:40:15] log.ERROR: Error in creating new record on Exeat by admin [] []
[2022-10-24 11:40:15] log.ERROR: Column count doesn't match value count at row 1 [] []
[2022-10-24 11:41:32] log.ERROR: Error in creating new record on Exeat by admin [] []
[2022-10-24 11:41:32] log.ERROR: Column count doesn't match value count at row 1 [] []
[2022-10-24 11:46:44] log.ERROR: Error in creating new record on Exeat by admin [] []
[2022-10-24 11:46:44] log.ERROR: Column count doesn't match value count at row 1 [] []
[2022-10-24 11:48:07] log.INFO: A new record create on Exeat by admin [] []
[2022-10-24 11:48:59] log.INFO: A new record create on Exeat by admin [] []
[2022-10-24 12:01:02] log.INFO: Delete Selected exeat 1, 2, 3, 4, 6, 7, 8, 9, 1, 2, 3, 4, 6, 7 by admin [] []
[2022-10-24 12:01:49] log.INFO: A new record create on Exeat by admin [] []
[2022-10-24 12:02:09] log.INFO: A new record create on Exeat by admin [] []
[2022-10-24 12:11:59] log.INFO: A new record create on Student by admin [] []
[2022-10-24 12:17:48] log.INFO: A new record create on Student by admin [] []
[2022-10-24 12:18:13] log.INFO: Record updated on Student by admin [] []
[2022-10-24 14:53:11] log.INFO: Record updated on Exeat by admin [] []
[2022-10-24 16:02:33] log.INFO: A new record create on Exeat by admin [] []
[2022-10-24 16:07:20] log.INFO: A new record create on Exeat by admin [] []
[2022-10-24 16:07:37] log.INFO: Record updated on Exeat by admin [] []
[2022-10-24 16:09:09] log.INFO: Delete Selected exeat 12 by admin [] []
[2022-10-24 19:45:28] log.INFO: A new record create on Exeat by admin [] []
[2022-10-24 19:46:50] log.INFO: A new record create on Exeat by admin [] []
[2022-10-24 19:47:31] log.INFO: A new record create on Exeat by admin [] []
[2022-10-24 19:47:56] log.INFO: Record updated on Student by admin [] []
[2022-10-24 19:48:28] log.INFO: A new record create on Exeat by admin [] []
[2022-10-24 19:53:32] log.INFO: Record updated on Student by admin [] []
[2022-10-24 19:54:16] log.INFO: A new record create on Exeat by admin [] []
[2022-10-24 19:59:17] log.INFO: A new record create on Exeat by admin [] []
[2022-10-24 20:00:20] log.INFO: A new record create on Exeat by admin [] []
[2022-10-24 20:04:10] log.INFO: A new record create on Exeat by admin [] []
[2022-10-24 20:05:31] log.INFO: A new record create on Exeat by admin [] []
[2022-10-24 20:06:51] log.INFO: A new record create on Exeat by admin [] []
[2022-10-24 20:07:49] log.INFO: A new record create on Exeat by admin [] []
[2022-10-24 20:08:44] log.INFO: A new record create on Exeat by admin [] []
[2022-10-24 20:09:42] log.INFO: A new record create on Exeat by admin [] []
[2022-10-24 20:11:09] log.INFO: A new record create on Exeat by admin [] []
[2022-10-24 20:12:20] log.INFO: A new record create on Exeat by admin [] []
[2022-10-24 20:12:45] log.INFO: A new record create on Exeat by admin [] []
[2022-10-24 20:13:00] log.INFO: A new record create on Exeat by admin [] []
[2022-10-24 20:19:23] log.INFO: Record updated on Exeat by admin [] []
[2022-10-24 20:19:34] log.INFO: Record updated on Exeat by admin [] []
